<?xml version="1.0" encoding="UTF-8"?>
<testsuite name="com.revature.service.ReimbursementRoleServiceTest" tests="2" skipped="0" failures="0" errors="0" timestamp="2022-04-08T22:16:53" hostname="LAPTOP-HO6FK4NQ" time="0.965">
  <properties/>
  <testcase name="test_getAllReimbursementRoles()" classname="com.revature.service.ReimbursementRoleServiceTest" time="0.958"/>
  <testcase name="test_getReimbursementRoleById()" classname="com.revature.service.ReimbursementRoleServiceTest" time="0.006"/>
  <system-out><![CDATA[]]></system-out>
  <system-err><![CDATA[]]></system-err>
</testsuite>
