<?xml version="1.0" encoding="UTF-8"?>
<testsuite name="com.revature.service.UserServiceTest" tests="13" skipped="0" failures="0" errors="0" timestamp="2022-04-08T22:16:54" hostname="LAPTOP-HO6FK4NQ" time="3.262">
  <properties/>
  <testcase name="test_getReimbursementsByUserId()" classname="com.revature.service.UserServiceTest" time="0.001"/>
  <testcase name="test_loginUser()" classname="com.revature.service.UserServiceTest" time="0.041"/>
  <testcase name="test_validateUserFirstName_IllegalArgumentException()" classname="com.revature.service.UserServiceTest" time="0.003"/>
  <testcase name="test_validateUserLasttName_IllegalArgumentException()" classname="com.revature.service.UserServiceTest" time="0.001"/>
  <testcase name="test_getAllUsers()" classname="com.revature.service.UserServiceTest" time="3.201"/>
  <testcase name="test_removeUser()" classname="com.revature.service.UserServiceTest" time="0.001"/>
  <testcase name="test_validateUserDTOProperties()" classname="com.revature.service.UserServiceTest" time="0.001"/>
  <testcase name="test_validateUserUserName_IllegalArgumentException()" classname="com.revature.service.UserServiceTest" time="0.001"/>
  <testcase name="test_validateUserPassword_IllegalArgumentException()" classname="com.revature.service.UserServiceTest" time="0.0"/>
  <testcase name="test_loginUser_FailLoginException()" classname="com.revature.service.UserServiceTest" time="0.001"/>
  <testcase name="test_validateUserEmail_IllegalArgumentException()" classname="com.revature.service.UserServiceTest" time="0.001"/>
  <testcase name="test_addUser()" classname="com.revature.service.UserServiceTest" time="0.002"/>
  <testcase name="test_getUserById()" classname="com.revature.service.UserServiceTest" time="0.001"/>
  <system-out><![CDATA[]]></system-out>
  <system-err><![CDATA[]]></system-err>
</testsuite>
