<?xml version="1.0" encoding="UTF-8"?>
<testsuite name="com.revature.service.ReimbursementTypeServiceTest" tests="2" skipped="0" failures="0" errors="0" timestamp="2022-04-08T22:16:54" hostname="LAPTOP-HO6FK4NQ" time="0.025">
  <properties/>
  <testcase name="test_getAllReimbursementTypes()" classname="com.revature.service.ReimbursementTypeServiceTest" time="0.023"/>
  <testcase name="test_getAllReimbursementTypeById()" classname="com.revature.service.ReimbursementTypeServiceTest" time="0.001"/>
  <system-out><![CDATA[]]></system-out>
  <system-err><![CDATA[]]></system-err>
</testsuite>
