<?xml version="1.0" encoding="UTF-8"?>
<testsuite name="com.revature.service.ReimbursementStatusTest" tests="2" skipped="0" failures="0" errors="0" timestamp="2022-04-08T22:16:54" hostname="LAPTOP-HO6FK4NQ" time="0.027">
  <properties/>
  <testcase name="test_getAllReimbursementStatus()" classname="com.revature.service.ReimbursementStatusTest" time="0.025"/>
  <testcase name="test_getReimbursementStatusById()" classname="com.revature.service.ReimbursementStatusTest" time="0.001"/>
  <system-out><![CDATA[]]></system-out>
  <system-err><![CDATA[]]></system-err>
</testsuite>
