<?xml version="1.0" encoding="UTF-8"?>
<testsuite name="com.revature.service.ReimbursementServiceTest" tests="2" skipped="0" failures="0" errors="0" timestamp="2022-04-08T22:16:54" hostname="LAPTOP-HO6FK4NQ" time="0.068">
  <properties/>
  <testcase name="test_getReimbursementById()" classname="com.revature.service.ReimbursementServiceTest" time="0.065"/>
  <testcase name="test_getAllReimbursements()" classname="com.revature.service.ReimbursementServiceTest" time="0.002"/>
  <system-out><![CDATA[]]></system-out>
  <system-err><![CDATA[]]></system-err>
</testsuite>
