<?xml version="1.0" encoding="UTF-8"?>
<testsuite name="com.revature.service.UserServiceTest" tests="10" skipped="0" failures="0" errors="0" timestamp="2022-03-22T20:52:04" hostname="LAPTOP-HO6FK4NQ" time="0.111">
  <properties/>
  <testcase name="test_validateUserFirstName_IllegalArgumentException()" classname="com.revature.service.UserServiceTest" time="0.069"/>
  <testcase name="test_validateUserLasttName_IllegalArgumentException()" classname="com.revature.service.UserServiceTest" time="0.004"/>
  <testcase name="test_getAllUsers()" classname="com.revature.service.UserServiceTest" time="0.004"/>
  <testcase name="test_removeUser()" classname="com.revature.service.UserServiceTest" time="0.003"/>
  <testcase name="test_validateUserDTOProperties()" classname="com.revature.service.UserServiceTest" time="0.003"/>
  <testcase name="test_validateUserUserName_IllegalArgumentException()" classname="com.revature.service.UserServiceTest" time="0.003"/>
  <testcase name="test_validateUserPassword_IllegalArgumentException()" classname="com.revature.service.UserServiceTest" time="0.003"/>
  <testcase name="test_validateUserEmail_IllegalArgumentException()" classname="com.revature.service.UserServiceTest" time="0.003"/>
  <testcase name="test_addUser()" classname="com.revature.service.UserServiceTest" time="0.004"/>
  <testcase name="test_getUserById()" classname="com.revature.service.UserServiceTest" time="0.002"/>
  <system-out><![CDATA[]]></system-out>
  <system-err><![CDATA[]]></system-err>
</testsuite>
