<?xml version="1.0" encoding="UTF-8"?>
<testsuite name="com.revature.utility.HashUtilityTest" tests="2" skipped="0" failures="0" errors="0" timestamp="2022-03-21T02:34:06" hostname="LAPTOP-HO6FK4NQ" time="0.005">
  <properties/>
  <testcase name="test_createSalt()" classname="com.revature.utility.HashUtilityTest" time="0.003"/>
  <testcase name="test_hashedPassword()" classname="com.revature.utility.HashUtilityTest" time="0.001"/>
  <system-out><![CDATA[]]></system-out>
  <system-err><![CDATA[]]></system-err>
</testsuite>
