<?xml version="1.0" encoding="UTF-8"?>
<testsuite name="com.revature.service.ReimbursementServiceTest" tests="1" skipped="0" failures="0" errors="0" timestamp="2022-03-30T15:34:06" hostname="LAPTOP-HO6FK4NQ" time="1.323">
  <properties/>
  <testcase name="test_getAllReimbursements()" classname="com.revature.service.ReimbursementServiceTest" time="1.323"/>
  <system-out><![CDATA[]]></system-out>
  <system-err><![CDATA[]]></system-err>
</testsuite>
