<?xml version="1.0" encoding="UTF-8"?>
<testsuite name="com.revature.service.ReimbursementTypeServiceTest" tests="2" skipped="0" failures="0" errors="0" timestamp="2022-03-28T15:03:12" hostname="LAPTOP-HO6FK4NQ" time="0.039">
  <properties/>
  <testcase name="test_getAllReimbursementTypes()" classname="com.revature.service.ReimbursementTypeServiceTest" time="0.034"/>
  <testcase name="test_getAllReimbursementTypeById()" classname="com.revature.service.ReimbursementTypeServiceTest" time="0.002"/>
  <system-out><![CDATA[]]></system-out>
  <system-err><![CDATA[]]></system-err>
</testsuite>
